<?xml version="1.0" encoding="UTF-8"?>
<!-- Generated by org.testng.reporters.JUnitReportReporter -->
<testsuite skipped="0" hostname="LAPTOP-JDTCIF1A" name="com.APIAutomationTests.testApi" tests="3" failures="0" timestamp="27 Jul 2021 13:42:34 GMT" time="3.679" errors="0">
  <testcase name="postResponsePojo" time="0.922" classname="com.APIAutomationTests.testApi"/>
  <testcase name="postResponseTextFile" time="0.485" classname="com.APIAutomationTests.testApi"/>
  <testcase name="getResponse" time="2.272" classname="com.APIAutomationTests.testApi"/>
</testsuite> <!-- com.APIAutomationTests.testApi -->
